<?xml version="1.0" encoding="UTF-8"?>
<testng-results ignored="0" total="1" passed="1" failed="0" skipped="0">
  <reporter-output>
  </reporter-output>
  <suite started-at="2022-05-19T11:42:17 IST" name="Suite" finished-at="2022-05-19T11:42:30 IST" duration-ms="12549">
    <groups>
    </groups>
    <test started-at="2022-05-19T11:42:17 IST" name="Test" finished-at="2022-05-19T11:42:30 IST" duration-ms="12549">
      <class name="practice.Jenkins.ClassDemo">
        <test-method signature="mOne()[pri:0, instance:practice.Jenkins.ClassDemo@1b2abca6]" started-at="2022-05-19T11:42:17 IST" name="mOne" finished-at="2022-05-19T11:42:29 IST" duration-ms="12296" status="PASS">
          <reporter-output>
          </reporter-output>
        </test-method> <!-- mOne -->
        <test-method is-config="true" signature="closure()[pri:0, instance:practice.Jenkins.ClassDemo@1b2abca6]" started-at="2022-05-19T11:42:29 IST" name="closure" finished-at="2022-05-19T11:42:30 IST" duration-ms="178" status="PASS">
          <reporter-output>
          </reporter-output>
        </test-method> <!-- closure -->
      </class> <!-- practice.Jenkins.ClassDemo -->
    </test> <!-- Test -->
  </suite> <!-- Suite -->
</testng-results>
