<?xml version="1.0" encoding="UTF-8"?>
<testng-results ignored="0" total="1" passed="1" failed="0" skipped="0">
  <reporter-output>
  </reporter-output>
  <suite started-at="2022-05-18T14:34:58 IST" name="Default suite" finished-at="2022-05-18T14:35:24 IST" duration-ms="26303">
    <groups>
    </groups>
    <test started-at="2022-05-18T14:34:58 IST" name="Default test" finished-at="2022-05-18T14:35:24 IST" duration-ms="26303">
      <class name="practice.Jenkins.ClassDemo">
        <test-method signature="mOne()[pri:0, instance:practice.Jenkins.ClassDemo@1b2abca6]" started-at="2022-05-18T14:34:58 IST" name="mOne" finished-at="2022-05-18T14:35:24 IST" duration-ms="26091" status="PASS">
          <reporter-output>
          </reporter-output>
        </test-method> <!-- mOne -->
        <test-method is-config="true" signature="closure()[pri:0, instance:practice.Jenkins.ClassDemo@1b2abca6]" started-at="2022-05-18T14:35:24 IST" name="closure" finished-at="2022-05-18T14:35:24 IST" duration-ms="135" status="PASS">
          <reporter-output>
          </reporter-output>
        </test-method> <!-- closure -->
      </class> <!-- practice.Jenkins.ClassDemo -->
    </test> <!-- Default test -->
  </suite> <!-- Default suite -->
</testng-results>
